org.coughlin.SwipeExample1/app/build/intermediates/manifest_merge_blame_file/debug/manifest-merger-blame-debug-report.txt
1<?xml version="1.0" encoding="utf-8"?>
2<manifest xmlns:android="http://schemas.android.com/apk/res/android"
3    package="org.coughlin.swipeexample"
4    android:versionCode="1"
5    android:versionName="1.0" >
6
7    <uses-sdk android:minSdkVersion="1" />
7-->src/main/AndroidManifest.xml
8
9    <application
9-->src/main/AndroidManifest.xml:7:5-21:19
10        android:allowBackup="true"
10-->src/main/AndroidManifest.xml:8:9-35
11        android:debuggable="true"
12        android:icon="@drawable/ic_launcher"
12-->src/main/AndroidManifest.xml:9:9-45
13        android:label="@string/app_name"
13-->src/main/AndroidManifest.xml:10:9-41
14        android:testOnly="true"
15        android:theme="@style/AppTheme" >
15-->src/main/AndroidManifest.xml:11:9-40
16        <activity
16-->src/main/AndroidManifest.xml:12:9-20:20
17            android:name="org.coughlin.swipeexample.SwipeActivity"
17-->src/main/AndroidManifest.xml:13:13-42
18            android:label="@string/app_name" >
18-->src/main/AndroidManifest.xml:14:13-45
19            <intent-filter>
19-->src/main/AndroidManifest.xml:15:13-19:29
20                <action android:name="android.intent.action.MAIN" />
20-->src/main/AndroidManifest.xml:16:17-69
20-->src/main/AndroidManifest.xml:16:25-66
21
22                <category android:name="android.intent.category.LAUNCHER" />
22-->src/main/AndroidManifest.xml:18:17-77
22-->src/main/AndroidManifest.xml:18:27-74
23            </intent-filter>
24        </activity>
25    </application>
26
27</manifest>